<?xml version="1.0" encoding="UTF-8"?>
<testsuite name="com.reserva.citas.logica.CitaLogicaTest" tests="2" skipped="0" failures="0" errors="0" timestamp="2023-10-28T04:34:10" hostname="DESKTOP-3B4LTQ2" time="0.14">
  <properties/>
  <testcase name="Given_a_cita_When_invoke_obtenerreservaporid_Then_return_true()" classname="com.reserva.citas.logica.CitaLogicaTest" time="0.138"/>
  <testcase name="Given_a_cita_When_invoke_crearcita_Then_return_true()" classname="com.reserva.citas.logica.CitaLogicaTest" time="0.002"/>
  <system-out><![CDATA[]]></system-out>
  <system-err><![CDATA[]]></system-err>
</testsuite>
