<?xml version="1.0" encoding="UTF-8"?>
<testsuite name="com.reserva.citas.integracion.CitaControllerTest" tests="3" skipped="0" failures="0" errors="0" timestamp="2023-10-28T04:34:09" hostname="DESKTOP-3B4LTQ2" time="0.73">
  <properties/>
  <testcase name="Dado_id_Cuando_cancelar_Entonces_estado_falso()" classname="com.reserva.citas.integracion.CitaControllerTest" time="0.432"/>
  <testcase name="Dado_una_citadto_Cuando_invoque_crearcita_Entonces_retorna_respuestadto()" classname="com.reserva.citas.integracion.CitaControllerTest" time="0.266"/>
  <testcase name="Dado_un_id_Cuando_invoca_obtenercita_Entonces_retorna_una_cita()" classname="com.reserva.citas.integracion.CitaControllerTest" time="0.029"/>
  <system-out><![CDATA[2023-10-27 23:34:08.504  INFO 4056 --- [    Test worker] .b.t.c.SpringBootTestContextBootstrapper : Neither @ContextConfiguration nor @ContextHierarchy found for test class [com.reserva.citas.integracion.CitaControllerTest], using SpringBootContextLoader
2023-10-27 23:34:08.505  INFO 4056 --- [    Test worker] o.s.t.c.support.AbstractContextLoader    : Could not detect default resource locations for test class [com.reserva.citas.integracion.CitaControllerTest]: no resource found for suffixes {-context.xml, Context.groovy}.
2023-10-27 23:34:08.505  INFO 4056 --- [    Test worker] t.c.s.AnnotationConfigContextLoaderUtils : Could not detect default configuration classes for test class [com.reserva.citas.integracion.CitaControllerTest]: CitaControllerTest does not declare any static, non-private, non-final, nested classes annotated with @Configuration.
2023-10-27 23:34:08.514  INFO 4056 --- [    Test worker] .b.t.c.SpringBootTestContextBootstrapper : Found @SpringBootConfiguration com.reserva.citas.CitasApplication for test class com.reserva.citas.integracion.CitaControllerTest
2023-10-27 23:34:08.515  INFO 4056 --- [    Test worker] .b.t.c.SpringBootTestContextBootstrapper : Loaded default TestExecutionListener class names from location [META-INF/spring.factories]: [org.springframework.boot.test.autoconfigure.restdocs.RestDocsTestExecutionListener, org.springframework.boot.test.autoconfigure.web.client.MockRestServiceServerResetTestExecutionListener, org.springframework.boot.test.autoconfigure.web.servlet.MockMvcPrintOnlyOnFailureTestExecutionListener, org.springframework.boot.test.autoconfigure.web.servlet.WebDriverTestExecutionListener, org.springframework.boot.test.autoconfigure.webservices.client.MockWebServiceServerTestExecutionListener, org.springframework.boot.test.mock.mockito.MockitoTestExecutionListener, org.springframework.boot.test.mock.mockito.ResetMocksTestExecutionListener, org.springframework.test.context.web.ServletTestExecutionListener, org.springframework.test.context.support.DirtiesContextBeforeModesTestExecutionListener, org.springframework.test.context.event.ApplicationEventsTestExecutionListener, org.springframework.test.context.support.DependencyInjectionTestExecutionListener, org.springframework.test.context.support.DirtiesContextTestExecutionListener, org.springframework.test.context.transaction.TransactionalTestExecutionListener, org.springframework.test.context.jdbc.SqlScriptsTestExecutionListener, org.springframework.test.context.event.EventPublishingTestExecutionListener]
2023-10-27 23:34:08.516  INFO 4056 --- [    Test worker] .b.t.c.SpringBootTestContextBootstrapper : Using TestExecutionListeners: [org.springframework.test.context.web.ServletTestExecutionListener@1deb3f79, org.springframework.test.context.support.DirtiesContextBeforeModesTestExecutionListener@30df4a72, org.springframework.test.context.event.ApplicationEventsTestExecutionListener@53319879, org.springframework.boot.test.mock.mockito.MockitoTestExecutionListener@19fe6f97, org.springframework.boot.test.autoconfigure.SpringBootDependencyInjectionTestExecutionListener@5d2a9b26, org.springframework.test.context.support.DirtiesContextTestExecutionListener@176cc62b, org.springframework.test.context.transaction.TransactionalTestExecutionListener@48c176ef, org.springframework.test.context.jdbc.SqlScriptsTestExecutionListener@22293ab7, org.springframework.test.context.event.EventPublishingTestExecutionListener@2bd3767f, org.springframework.boot.test.autoconfigure.restdocs.RestDocsTestExecutionListener@5a7fa0b0, org.springframework.boot.test.autoconfigure.web.client.MockRestServiceServerResetTestExecutionListener@19cad31e, org.springframework.boot.test.autoconfigure.web.servlet.MockMvcPrintOnlyOnFailureTestExecutionListener@72ddbe12, org.springframework.boot.test.autoconfigure.web.servlet.WebDriverTestExecutionListener@428d5eb8, org.springframework.boot.test.autoconfigure.webservices.client.MockWebServiceServerTestExecutionListener@65500c79, org.springframework.boot.test.mock.mockito.ResetMocksTestExecutionListener@2acd61ee]

  .   ____          _            __ _ _
 /\\ / ___'_ __ _ _(_)_ __  __ _ \ \ \ \
( ( )\___ | '_ | '_| | '_ \/ _` | \ \ \ \
 \\/  ___)| |_)| | | | | || (_| |  ) ) ) )
  '  |____| .__|_| |_|_| |_\__, | / / / /
 =========|_|==============|___/=/_/_/_/
 :: Spring Boot ::               (v2.7.15)

2023-10-27 23:34:08.555  INFO 4056 --- [    Test worker] c.r.c.integracion.CitaControllerTest     : Starting CitaControllerTest using Java 19.0.1 on DESKTOP-3B4LTQ2 with PID 4056 (started by USUARIO in C:\Users\USUARIO\OneDrive - Universidad de la Sabana\Desktop\Software\res 3)
2023-10-27 23:34:08.555  INFO 4056 --- [    Test worker] c.r.c.integracion.CitaControllerTest     : The following 1 profile is active: "test"
2023-10-27 23:34:08.762  INFO 4056 --- [    Test worker] .s.d.r.c.RepositoryConfigurationDelegate : Bootstrapping Spring Data JPA repositories in DEFAULT mode.
2023-10-27 23:34:08.778  INFO 4056 --- [    Test worker] .s.d.r.c.RepositoryConfigurationDelegate : Finished Spring Data repository scanning in 15 ms. Found 3 JPA repository interfaces.
2023-10-27 23:34:09.118  INFO 4056 --- [    Test worker] o.s.b.w.embedded.tomcat.TomcatWebServer  : Tomcat initialized with port(s): 0 (http)
2023-10-27 23:34:09.131  INFO 4056 --- [    Test worker] o.apache.catalina.core.StandardService   : Starting service [Tomcat]
2023-10-27 23:34:09.132  INFO 4056 --- [    Test worker] org.apache.catalina.core.StandardEngine  : Starting Servlet engine: [Apache Tomcat/9.0.79]
2023-10-27 23:34:09.245  INFO 4056 --- [    Test worker] o.a.c.c.C.[Tomcat].[localhost].[/]       : Initializing Spring embedded WebApplicationContext
2023-10-27 23:34:09.245  INFO 4056 --- [    Test worker] w.s.c.ServletWebServerApplicationContext : Root WebApplicationContext: initialization completed in 687 ms
2023-10-27 23:34:09.417  INFO 4056 --- [    Test worker] o.hibernate.jpa.internal.util.LogHelper  : HHH000204: Processing PersistenceUnitInfo [name: default]
2023-10-27 23:34:09.423  INFO 4056 --- [    Test worker] com.zaxxer.hikari.HikariDataSource       : HikariPool-2 - Starting...
2023-10-27 23:34:09.425  INFO 4056 --- [    Test worker] com.zaxxer.hikari.HikariDataSource       : HikariPool-2 - Start completed.
2023-10-27 23:34:09.425  INFO 4056 --- [    Test worker] org.hibernate.dialect.Dialect            : HHH000400: Using dialect: org.hibernate.dialect.H2Dialect
Hibernate: drop table if exists citas CASCADE 
Hibernate: drop table if exists empresa CASCADE 
Hibernate: drop table if exists reservas CASCADE 
Hibernate: create table citas (idcita integer not null, cliente varchar(255), estado boolean, fechareserva time, idempresa integer, primary key (idcita))
Hibernate: create table empresa (idempresa integer not null, nombre varchar(255), primary key (idempresa))
Hibernate: create table reservas (id_reserva integer not null, servicio varchar(255), primary key (id_reserva))
2023-10-27 23:34:09.484  INFO 4056 --- [    Test worker] o.h.e.t.j.p.i.JtaPlatformInitiator       : HHH000490: Using JtaPlatform implementation: [org.hibernate.engine.transaction.jta.platform.internal.NoJtaPlatform]
2023-10-27 23:34:09.485  INFO 4056 --- [    Test worker] j.LocalContainerEntityManagerFactoryBean : Initialized JPA EntityManagerFactory for persistence unit 'default'
2023-10-27 23:34:09.589  WARN 4056 --- [    Test worker] JpaBaseConfiguration$JpaWebConfiguration : spring.jpa.open-in-view is enabled by default. Therefore, database queries may be performed during view rendering. Explicitly configure spring.jpa.open-in-view to disable this warning
2023-10-27 23:34:09.941  INFO 4056 --- [    Test worker] o.s.b.w.embedded.tomcat.TomcatWebServer  : Tomcat started on port(s): 53424 (http) with context path ''
2023-10-27 23:34:09.944  INFO 4056 --- [    Test worker] c.r.c.integracion.CitaControllerTest     : Started CitaControllerTest in 1.425 seconds (JVM running for 10.208)
Hibernate: select cita0_.idcita as idcita1_0_0_, cita0_.cliente as cliente2_0_0_, cita0_.estado as estado3_0_0_, cita0_.fechareserva as fechares4_0_0_, cita0_.idempresa as idempres5_0_0_ from citas cita0_ where cita0_.idcita=?
Hibernate: insert into citas (cliente, estado, fechareserva, idempresa, idcita) values (?, ?, ?, ?, ?)
2023-10-27 23:34:10.282  INFO 4056 --- [o-auto-1-exec-1] o.a.c.c.C.[Tomcat].[localhost].[/]       : Initializing Spring DispatcherServlet 'dispatcherServlet'
2023-10-27 23:34:10.282  INFO 4056 --- [o-auto-1-exec-1] o.s.web.servlet.DispatcherServlet        : Initializing Servlet 'dispatcherServlet'
2023-10-27 23:34:10.283  INFO 4056 --- [o-auto-1-exec-1] o.s.web.servlet.DispatcherServlet        : Completed initialization in 1 ms
Hibernate: select cita0_.idcita as idcita1_0_0_, cita0_.cliente as cliente2_0_0_, cita0_.estado as estado3_0_0_, cita0_.fechareserva as fechares4_0_0_, cita0_.idempresa as idempres5_0_0_ from citas cita0_ where cita0_.idcita=?
Hibernate: select cita0_.idcita as idcita1_0_, cita0_.cliente as cliente2_0_, cita0_.estado as estado3_0_, cita0_.fechareserva as fechares4_0_, cita0_.idempresa as idempres5_0_ from citas cita0_ where cita0_.fechareserva=? and cita0_.idempresa=0 and cita0_.estado=? and cita0_.idcita=0 limit ?
Hibernate: select cita0_.idcita as idcita1_0_0_, cita0_.cliente as cliente2_0_0_, cita0_.estado as estado3_0_0_, cita0_.fechareserva as fechares4_0_0_, cita0_.idempresa as idempres5_0_0_ from citas cita0_ where cita0_.idcita=?
2023-10-27 23:34:10.661  INFO 4056 --- [    Test worker] o.s.t.c.transaction.TransactionContext   : Began transaction (1) for test context [DefaultTestContext@30573e40 testClass = CitaControllerTest, testInstance = com.reserva.citas.integracion.CitaControllerTest@38d34076, testMethod = Dado_un_id_Cuando_invoca_obtenercita_Entonces_retorna_una_cita@CitaControllerTest, testException = [null], mergedContextConfiguration = [WebMergedContextConfiguration@4e224d5e testClass = CitaControllerTest, locations = '{}', classes = '{class com.reserva.citas.CitasApplication}', contextInitializerClasses = '[]', activeProfiles = '{test}', propertySourceLocations = '{}', propertySourceProperties = '{org.springframework.boot.test.context.SpringBootTestContextBootstrapper=true, server.port=0}', contextCustomizers = set[org.springframework.boot.test.autoconfigure.actuate.metrics.MetricsExportContextCustomizerFactory$DisableMetricExportContextCustomizer@6014a9ba, org.springframework.boot.test.autoconfigure.properties.PropertyMappingContextCustomizer@0, org.springframework.boot.test.autoconfigure.web.servlet.WebDriverContextCustomizerFactory$Customizer@3f9f71ff, org.springframework.boot.test.context.filter.ExcludeFilterContextCustomizer@58496c97, org.springframework.boot.test.json.DuplicateJsonObjectContextCustomizerFactory$DuplicateJsonObjectContextCustomizer@3e3861d7, org.springframework.boot.test.mock.mockito.MockitoContextCustomizer@0, org.springframework.boot.test.web.client.TestRestTemplateContextCustomizer@25cd49a4, org.springframework.boot.test.context.SpringBootTestArgs@1, org.springframework.boot.test.context.SpringBootTestWebEnvironment@2f3c6ac4], resourceBasePath = 'src/main/webapp', contextLoader = 'org.springframework.boot.test.context.SpringBootContextLoader', parent = [null]], attributes = map['org.springframework.test.context.web.ServletTestExecutionListener.activateListener' -> false, 'org.springframework.test.context.event.ApplicationEventsTestExecutionListener.recordApplicationEvents' -> false]]; transaction manager [org.springframework.orm.jpa.JpaTransactionManager@3019bc4a]; rollback [true]
Hibernate: select cita0_.idcita as idcita1_0_0_, cita0_.cliente as cliente2_0_0_, cita0_.estado as estado3_0_0_, cita0_.fechareserva as fechares4_0_0_, cita0_.idempresa as idempres5_0_0_ from citas cita0_ where cita0_.idcita=?
2023-10-27 23:34:10.676  WARN 4056 --- [o-auto-1-exec-5] .w.s.m.s.DefaultHandlerExceptionResolver : Resolved [org.springframework.web.HttpRequestMethodNotSupportedException: Request method 'GET' not supported]
2023-10-27 23:34:10.683  INFO 4056 --- [    Test worker] o.s.t.c.transaction.TransactionContext   : Rolled back transaction for test: [DefaultTestContext@30573e40 testClass = CitaControllerTest, testInstance = com.reserva.citas.integracion.CitaControllerTest@38d34076, testMethod = Dado_un_id_Cuando_invoca_obtenercita_Entonces_retorna_una_cita@CitaControllerTest, testException = [null], mergedContextConfiguration = [WebMergedContextConfiguration@4e224d5e testClass = CitaControllerTest, locations = '{}', classes = '{class com.reserva.citas.CitasApplication}', contextInitializerClasses = '[]', activeProfiles = '{test}', propertySourceLocations = '{}', propertySourceProperties = '{org.springframework.boot.test.context.SpringBootTestContextBootstrapper=true, server.port=0}', contextCustomizers = set[org.springframework.boot.test.autoconfigure.actuate.metrics.MetricsExportContextCustomizerFactory$DisableMetricExportContextCustomizer@6014a9ba, org.springframework.boot.test.autoconfigure.properties.PropertyMappingContextCustomizer@0, org.springframework.boot.test.autoconfigure.web.servlet.WebDriverContextCustomizerFactory$Customizer@3f9f71ff, org.springframework.boot.test.context.filter.ExcludeFilterContextCustomizer@58496c97, org.springframework.boot.test.json.DuplicateJsonObjectContextCustomizerFactory$DuplicateJsonObjectContextCustomizer@3e3861d7, org.springframework.boot.test.mock.mockito.MockitoContextCustomizer@0, org.springframework.boot.test.web.client.TestRestTemplateContextCustomizer@25cd49a4, org.springframework.boot.test.context.SpringBootTestArgs@1, org.springframework.boot.test.context.SpringBootTestWebEnvironment@2f3c6ac4], resourceBasePath = 'src/main/webapp', contextLoader = 'org.springframework.boot.test.context.SpringBootContextLoader', parent = [null]], attributes = map['org.springframework.test.context.web.ServletTestExecutionListener.activateListener' -> false, 'org.springframework.test.context.event.ApplicationEventsTestExecutionListener.recordApplicationEvents' -> false]]
]]></system-out>
  <system-err><![CDATA[]]></system-err>
</testsuite>
