<?xml version="1.0" encoding="UTF-8"?>
<testsuite name="com.reserva.citas.CitasApplicationTests" tests="1" skipped="0" failures="0" errors="0" timestamp="2023-09-30T05:21:54" hostname="CPU-DE-SEBAS" time="0.212">
  <properties/>
  <testcase name="contextLoads()" classname="com.reserva.citas.CitasApplicationTests" time="0.212"/>
  <system-out><![CDATA[00:21:49.121 [Test worker] DEBUG org.springframework.test.context.BootstrapUtils - Instantiating CacheAwareContextLoaderDelegate from class [org.springframework.test.context.cache.DefaultCacheAwareContextLoaderDelegate]
00:21:49.143 [Test worker] DEBUG org.springframework.test.context.BootstrapUtils - Instantiating BootstrapContext using constructor [public org.springframework.test.context.support.DefaultBootstrapContext(java.lang.Class,org.springframework.test.context.CacheAwareContextLoaderDelegate)]
00:21:49.207 [Test worker] DEBUG org.springframework.test.context.BootstrapUtils - Instantiating TestContextBootstrapper for test class [com.reserva.citas.CitasApplicationTests] from class [org.springframework.boot.test.context.SpringBootTestContextBootstrapper]
00:21:49.224 [Test worker] INFO org.springframework.boot.test.context.SpringBootTestContextBootstrapper - Neither @ContextConfiguration nor @ContextHierarchy found for test class [com.reserva.citas.CitasApplicationTests], using SpringBootContextLoader
00:21:49.230 [Test worker] DEBUG org.springframework.test.context.support.AbstractContextLoader - Did not detect default resource location for test class [com.reserva.citas.CitasApplicationTests]: class path resource [com/reserva/citas/CitasApplicationTests-context.xml] does not exist
00:21:49.231 [Test worker] DEBUG org.springframework.test.context.support.AbstractContextLoader - Did not detect default resource location for test class [com.reserva.citas.CitasApplicationTests]: class path resource [com/reserva/citas/CitasApplicationTestsContext.groovy] does not exist
00:21:49.231 [Test worker] INFO org.springframework.test.context.support.AbstractContextLoader - Could not detect default resource locations for test class [com.reserva.citas.CitasApplicationTests]: no resource found for suffixes {-context.xml, Context.groovy}.
00:21:49.232 [Test worker] INFO org.springframework.test.context.support.AnnotationConfigContextLoaderUtils - Could not detect default configuration classes for test class [com.reserva.citas.CitasApplicationTests]: CitasApplicationTests does not declare any static, non-private, non-final, nested classes annotated with @Configuration.
00:21:49.389 [Test worker] DEBUG org.springframework.context.annotation.ClassPathScanningCandidateComponentProvider - Identified candidate component class: file [C:\Users\User\Downloads\Reservas\build\classes\java\main\com\reserva\citas\CitasApplication.class]
00:21:49.391 [Test worker] INFO org.springframework.boot.test.context.SpringBootTestContextBootstrapper - Found @SpringBootConfiguration com.reserva.citas.CitasApplication for test class com.reserva.citas.CitasApplicationTests
00:21:49.534 [Test worker] DEBUG org.springframework.boot.test.context.SpringBootTestContextBootstrapper - @TestExecutionListeners is not present for class [com.reserva.citas.CitasApplicationTests]: using defaults.
00:21:49.535 [Test worker] INFO org.springframework.boot.test.context.SpringBootTestContextBootstrapper - Loaded default TestExecutionListener class names from location [META-INF/spring.factories]: [org.springframework.boot.test.autoconfigure.restdocs.RestDocsTestExecutionListener, org.springframework.boot.test.autoconfigure.web.client.MockRestServiceServerResetTestExecutionListener, org.springframework.boot.test.autoconfigure.web.servlet.MockMvcPrintOnlyOnFailureTestExecutionListener, org.springframework.boot.test.autoconfigure.web.servlet.WebDriverTestExecutionListener, org.springframework.boot.test.autoconfigure.webservices.client.MockWebServiceServerTestExecutionListener, org.springframework.boot.test.mock.mockito.MockitoTestExecutionListener, org.springframework.boot.test.mock.mockito.ResetMocksTestExecutionListener, org.springframework.test.context.web.ServletTestExecutionListener, org.springframework.test.context.support.DirtiesContextBeforeModesTestExecutionListener, org.springframework.test.context.event.ApplicationEventsTestExecutionListener, org.springframework.test.context.support.DependencyInjectionTestExecutionListener, org.springframework.test.context.support.DirtiesContextTestExecutionListener, org.springframework.test.context.transaction.TransactionalTestExecutionListener, org.springframework.test.context.jdbc.SqlScriptsTestExecutionListener, org.springframework.test.context.event.EventPublishingTestExecutionListener]
00:21:49.561 [Test worker] INFO org.springframework.boot.test.context.SpringBootTestContextBootstrapper - Using TestExecutionListeners: [org.springframework.test.context.web.ServletTestExecutionListener@3c0e00a8, org.springframework.test.context.support.DirtiesContextBeforeModesTestExecutionListener@1860f3be, org.springframework.test.context.event.ApplicationEventsTestExecutionListener@6cd15072, org.springframework.boot.test.mock.mockito.MockitoTestExecutionListener@78cfa264, org.springframework.boot.test.autoconfigure.SpringBootDependencyInjectionTestExecutionListener@3408f695, org.springframework.test.context.support.DirtiesContextTestExecutionListener@2b6a0ea9, org.springframework.test.context.transaction.TransactionalTestExecutionListener@4dde8976, org.springframework.test.context.jdbc.SqlScriptsTestExecutionListener@4887de2b, org.springframework.test.context.event.EventPublishingTestExecutionListener@3b4825f0, org.springframework.boot.test.autoconfigure.restdocs.RestDocsTestExecutionListener@40ac6b76, org.springframework.boot.test.autoconfigure.web.client.MockRestServiceServerResetTestExecutionListener@7980cf2c, org.springframework.boot.test.autoconfigure.web.servlet.MockMvcPrintOnlyOnFailureTestExecutionListener@f0020b1, org.springframework.boot.test.autoconfigure.web.servlet.WebDriverTestExecutionListener@759de304, org.springframework.boot.test.autoconfigure.webservices.client.MockWebServiceServerTestExecutionListener@5649d11a, org.springframework.boot.test.mock.mockito.ResetMocksTestExecutionListener@294f9d50]
00:21:49.566 [Test worker] DEBUG org.springframework.test.context.support.AbstractDirtiesContextTestExecutionListener - Before test class: context [DefaultTestContext@6025d790 testClass = CitasApplicationTests, testInstance = [null], testMethod = [null], testException = [null], mergedContextConfiguration = [WebMergedContextConfiguration@af7e376 testClass = CitasApplicationTests, locations = '{}', classes = '{class com.reserva.citas.CitasApplication}', contextInitializerClasses = '[]', activeProfiles = '{test}', propertySourceLocations = '{}', propertySourceProperties = '{org.springframework.boot.test.context.SpringBootTestContextBootstrapper=true}', contextCustomizers = set[org.springframework.boot.test.autoconfigure.actuate.metrics.MetricsExportContextCustomizerFactory$DisableMetricExportContextCustomizer@1b4ae4e0, org.springframework.boot.test.autoconfigure.properties.PropertyMappingContextCustomizer@0, org.springframework.boot.test.autoconfigure.web.servlet.WebDriverContextCustomizerFactory$Customizer@2c58dcb1, org.springframework.boot.test.context.filter.ExcludeFilterContextCustomizer@7b7683d4, org.springframework.boot.test.json.DuplicateJsonObjectContextCustomizerFactory$DuplicateJsonObjectContextCustomizer@5fcfca62, org.springframework.boot.test.mock.mockito.MockitoContextCustomizer@0, org.springframework.boot.test.web.client.TestRestTemplateContextCustomizer@5bb51241, org.springframework.boot.test.context.SpringBootTestArgs@1, org.springframework.boot.test.context.SpringBootTestWebEnvironment@2f4854d6], resourceBasePath = 'src/main/webapp', contextLoader = 'org.springframework.boot.test.context.SpringBootContextLoader', parent = [null]], attributes = map['org.springframework.test.context.web.ServletTestExecutionListener.activateListener' -> true]], class annotated with @DirtiesContext [false] with mode [null].

  .   ____          _            __ _ _
 /\\ / ___'_ __ _ _(_)_ __  __ _ \ \ \ \
( ( )\___ | '_ | '_| | '_ \/ _` | \ \ \ \
 \\/  ___)| |_)| | | | | || (_| |  ) ) ) )
  '  |____| .__|_| |_|_| |_\__, | / / / /
 =========|_|==============|___/=/_/_/_/
 :: Spring Boot ::               (v2.7.15)

2023-09-30 00:21:50.054  INFO 24880 --- [    Test worker] com.reserva.citas.CitasApplicationTests  : Starting CitasApplicationTests using Java 17.0.1 on CPU-de-Sebas with PID 24880 (started by User in C:\Users\User\Downloads\Reservas)
2023-09-30 00:21:50.056  INFO 24880 --- [    Test worker] com.reserva.citas.CitasApplicationTests  : The following 1 profile is active: "test"
2023-09-30 00:21:50.840  INFO 24880 --- [    Test worker] .s.d.r.c.RepositoryConfigurationDelegate : Bootstrapping Spring Data JPA repositories in DEFAULT mode.
2023-09-30 00:21:50.908  INFO 24880 --- [    Test worker] .s.d.r.c.RepositoryConfigurationDelegate : Finished Spring Data repository scanning in 59 ms. Found 3 JPA repository interfaces.
2023-09-30 00:21:51.611  INFO 24880 --- [    Test worker] o.hibernate.jpa.internal.util.LogHelper  : HHH000204: Processing PersistenceUnitInfo [name: default]
2023-09-30 00:21:51.683  INFO 24880 --- [    Test worker] org.hibernate.Version                    : HHH000412: Hibernate ORM core version 5.6.15.Final
2023-09-30 00:21:51.959  INFO 24880 --- [    Test worker] o.hibernate.annotations.common.Version   : HCANN000001: Hibernate Commons Annotations {5.1.2.Final}
2023-09-30 00:21:52.135  INFO 24880 --- [    Test worker] com.zaxxer.hikari.HikariDataSource       : HikariPool-1 - Starting...
2023-09-30 00:21:52.524  INFO 24880 --- [    Test worker] com.zaxxer.hikari.HikariDataSource       : HikariPool-1 - Start completed.
2023-09-30 00:21:52.553  INFO 24880 --- [    Test worker] org.hibernate.dialect.Dialect            : HHH000400: Using dialect: org.hibernate.dialect.H2Dialect
2023-09-30 00:21:53.373  INFO 24880 --- [    Test worker] o.h.e.t.j.p.i.JtaPlatformInitiator       : HHH000490: Using JtaPlatform implementation: [org.hibernate.engine.transaction.jta.platform.internal.NoJtaPlatform]
2023-09-30 00:21:53.387  INFO 24880 --- [    Test worker] j.LocalContainerEntityManagerFactoryBean : Initialized JPA EntityManagerFactory for persistence unit 'default'
2023-09-30 00:21:53.996  WARN 24880 --- [    Test worker] JpaBaseConfiguration$JpaWebConfiguration : spring.jpa.open-in-view is enabled by default. Therefore, database queries may be performed during view rendering. Explicitly configure spring.jpa.open-in-view to disable this warning
2023-09-30 00:21:54.736  INFO 24880 --- [    Test worker] com.reserva.citas.CitasApplicationTests  : Started CitasApplicationTests in 5.108 seconds (JVM running for 6.879)
]]></system-out>
  <system-err><![CDATA[]]></system-err>
</testsuite>
