<?xml version="1.0" encoding="UTF-8"?>
<testsuite name="com.reserva.citas.integracion.CitaControllerTest" tests="3" skipped="0" failures="0" errors="0" timestamp="2023-10-27T17:27:06" hostname="LAPTOP-8ANB9GAJ" time="2.986">
  <properties/>
  <testcase name="Dado_id_Cuando_cancelar_Entonces_estado_falso()" classname="com.reserva.citas.integracion.CitaControllerTest" time="1.622"/>
  <testcase name="Dado_una_citadto_Cuando_invoque_crearcita_Entonces_retorna_respuestadto()" classname="com.reserva.citas.integracion.CitaControllerTest" time="1.252"/>
  <testcase name="Dado_un_id_Cuando_invoca_obtenercita_Entonces_retorna_una_cita()" classname="com.reserva.citas.integracion.CitaControllerTest" time="0.1"/>
  <system-out><![CDATA[2023-10-27 12:27:01.511  INFO 20124 --- [    Test worker] .b.t.c.SpringBootTestContextBootstrapper : Neither @ContextConfiguration nor @ContextHierarchy found for test class [com.reserva.citas.integracion.CitaControllerTest], using SpringBootContextLoader
2023-10-27 12:27:01.519  INFO 20124 --- [    Test worker] o.s.t.c.support.AbstractContextLoader    : Could not detect default resource locations for test class [com.reserva.citas.integracion.CitaControllerTest]: no resource found for suffixes {-context.xml, Context.groovy}.
2023-10-27 12:27:01.523  INFO 20124 --- [    Test worker] t.c.s.AnnotationConfigContextLoaderUtils : Could not detect default configuration classes for test class [com.reserva.citas.integracion.CitaControllerTest]: CitaControllerTest does not declare any static, non-private, non-final, nested classes annotated with @Configuration.
2023-10-27 12:27:01.571  INFO 20124 --- [    Test worker] .b.t.c.SpringBootTestContextBootstrapper : Found @SpringBootConfiguration com.reserva.citas.CitasApplication for test class com.reserva.citas.integracion.CitaControllerTest
2023-10-27 12:27:01.583  INFO 20124 --- [    Test worker] .b.t.c.SpringBootTestContextBootstrapper : Loaded default TestExecutionListener class names from location [META-INF/spring.factories]: [org.springframework.boot.test.autoconfigure.restdocs.RestDocsTestExecutionListener, org.springframework.boot.test.autoconfigure.web.client.MockRestServiceServerResetTestExecutionListener, org.springframework.boot.test.autoconfigure.web.servlet.MockMvcPrintOnlyOnFailureTestExecutionListener, org.springframework.boot.test.autoconfigure.web.servlet.WebDriverTestExecutionListener, org.springframework.boot.test.autoconfigure.webservices.client.MockWebServiceServerTestExecutionListener, org.springframework.boot.test.mock.mockito.MockitoTestExecutionListener, org.springframework.boot.test.mock.mockito.ResetMocksTestExecutionListener, org.springframework.test.context.web.ServletTestExecutionListener, org.springframework.test.context.support.DirtiesContextBeforeModesTestExecutionListener, org.springframework.test.context.event.ApplicationEventsTestExecutionListener, org.springframework.test.context.support.DependencyInjectionTestExecutionListener, org.springframework.test.context.support.DirtiesContextTestExecutionListener, org.springframework.test.context.transaction.TransactionalTestExecutionListener, org.springframework.test.context.jdbc.SqlScriptsTestExecutionListener, org.springframework.test.context.event.EventPublishingTestExecutionListener]
2023-10-27 12:27:01.587  INFO 20124 --- [    Test worker] .b.t.c.SpringBootTestContextBootstrapper : Using TestExecutionListeners: [org.springframework.test.context.web.ServletTestExecutionListener@5f98b31, org.springframework.test.context.support.DirtiesContextBeforeModesTestExecutionListener@292dc20f, org.springframework.test.context.event.ApplicationEventsTestExecutionListener@5d050d00, org.springframework.boot.test.mock.mockito.MockitoTestExecutionListener@26bddc84, org.springframework.boot.test.autoconfigure.SpringBootDependencyInjectionTestExecutionListener@6fd46b61, org.springframework.test.context.support.DirtiesContextTestExecutionListener@28aee12e, org.springframework.test.context.transaction.TransactionalTestExecutionListener@5d368436, org.springframework.test.context.jdbc.SqlScriptsTestExecutionListener@15273ae8, org.springframework.test.context.event.EventPublishingTestExecutionListener@5964c44e, org.springframework.boot.test.autoconfigure.restdocs.RestDocsTestExecutionListener@69cf9dd, org.springframework.boot.test.autoconfigure.web.client.MockRestServiceServerResetTestExecutionListener@6fe2da0c, org.springframework.boot.test.autoconfigure.web.servlet.MockMvcPrintOnlyOnFailureTestExecutionListener@43be5d62, org.springframework.boot.test.autoconfigure.web.servlet.WebDriverTestExecutionListener@3c87b7ef, org.springframework.boot.test.autoconfigure.webservices.client.MockWebServiceServerTestExecutionListener@5d34e3b3, org.springframework.boot.test.mock.mockito.ResetMocksTestExecutionListener@247f60a3]

  .   ____          _            __ _ _
 /\\ / ___'_ __ _ _(_)_ __  __ _ \ \ \ \
( ( )\___ | '_ | '_| | '_ \/ _` | \ \ \ \
 \\/  ___)| |_)| | | | | || (_| |  ) ) ) )
  '  |____| .__|_| |_|_| |_\__, | / / / /
 =========|_|==============|___/=/_/_/_/
 :: Spring Boot ::               (v2.7.15)

2023-10-27 12:27:01.752  INFO 20124 --- [    Test worker] c.r.c.integracion.CitaControllerTest     : Starting CitaControllerTest using Java 17.0.8.1 on LAPTOP-8ANB9GAJ with PID 20124 (started by jjose in C:\Users\jjose\Documents\General Java Projects\citas)
2023-10-27 12:27:01.752  INFO 20124 --- [    Test worker] c.r.c.integracion.CitaControllerTest     : The following 1 profile is active: "test"
2023-10-27 12:27:02.512  INFO 20124 --- [    Test worker] .s.d.r.c.RepositoryConfigurationDelegate : Bootstrapping Spring Data JPA repositories in DEFAULT mode.
2023-10-27 12:27:02.567  INFO 20124 --- [    Test worker] .s.d.r.c.RepositoryConfigurationDelegate : Finished Spring Data repository scanning in 55 ms. Found 3 JPA repository interfaces.
2023-10-27 12:27:03.711  INFO 20124 --- [    Test worker] o.s.b.w.embedded.tomcat.TomcatWebServer  : Tomcat initialized with port(s): 0 (http)
2023-10-27 12:27:03.760  INFO 20124 --- [    Test worker] o.apache.catalina.core.StandardService   : Starting service [Tomcat]
2023-10-27 12:27:03.761  INFO 20124 --- [    Test worker] org.apache.catalina.core.StandardEngine  : Starting Servlet engine: [Apache Tomcat/9.0.79]
2023-10-27 12:27:04.251  INFO 20124 --- [    Test worker] o.a.c.c.C.[Tomcat].[localhost].[/]       : Initializing Spring embedded WebApplicationContext
2023-10-27 12:27:04.252  INFO 20124 --- [    Test worker] w.s.c.ServletWebServerApplicationContext : Root WebApplicationContext: initialization completed in 2488 ms
2023-10-27 12:27:04.954  INFO 20124 --- [    Test worker] o.hibernate.jpa.internal.util.LogHelper  : HHH000204: Processing PersistenceUnitInfo [name: default]
2023-10-27 12:27:04.987  INFO 20124 --- [    Test worker] com.zaxxer.hikari.HikariDataSource       : HikariPool-2 - Starting...
2023-10-27 12:27:04.991  INFO 20124 --- [    Test worker] com.zaxxer.hikari.HikariDataSource       : HikariPool-2 - Start completed.
2023-10-27 12:27:04.992  INFO 20124 --- [    Test worker] org.hibernate.dialect.Dialect            : HHH000400: Using dialect: org.hibernate.dialect.H2Dialect
2023-10-27 12:27:05.211  INFO 20124 --- [    Test worker] o.h.e.t.j.p.i.JtaPlatformInitiator       : HHH000490: Using JtaPlatform implementation: [org.hibernate.engine.transaction.jta.platform.internal.NoJtaPlatform]
2023-10-27 12:27:05.216  INFO 20124 --- [    Test worker] j.LocalContainerEntityManagerFactoryBean : Initialized JPA EntityManagerFactory for persistence unit 'default'
2023-10-27 12:27:05.585  WARN 20124 --- [    Test worker] JpaBaseConfiguration$JpaWebConfiguration : spring.jpa.open-in-view is enabled by default. Therefore, database queries may be performed during view rendering. Explicitly configure spring.jpa.open-in-view to disable this warning
2023-10-27 12:27:06.824  INFO 20124 --- [    Test worker] o.s.b.w.embedded.tomcat.TomcatWebServer  : Tomcat started on port(s): 51170 (http) with context path ''
2023-10-27 12:27:06.840  INFO 20124 --- [    Test worker] c.r.c.integracion.CitaControllerTest     : Started CitaControllerTest in 5.231 seconds (JVM running for 44.619)
2023-10-27 12:27:08.145  INFO 20124 --- [o-auto-1-exec-1] o.a.c.c.C.[Tomcat].[localhost].[/]       : Initializing Spring DispatcherServlet 'dispatcherServlet'
2023-10-27 12:27:08.146  INFO 20124 --- [o-auto-1-exec-1] o.s.web.servlet.DispatcherServlet        : Initializing Servlet 'dispatcherServlet'
2023-10-27 12:27:08.150  INFO 20124 --- [o-auto-1-exec-1] o.s.web.servlet.DispatcherServlet        : Completed initialization in 3 ms
2023-10-27 12:27:09.783  INFO 20124 --- [    Test worker] o.s.t.c.transaction.TransactionContext   : Began transaction (1) for test context [DefaultTestContext@5281150f testClass = CitaControllerTest, testInstance = com.reserva.citas.integracion.CitaControllerTest@4e161f41, testMethod = Dado_un_id_Cuando_invoca_obtenercita_Entonces_retorna_una_cita@CitaControllerTest, testException = [null], mergedContextConfiguration = [WebMergedContextConfiguration@792ce5eb testClass = CitaControllerTest, locations = '{}', classes = '{class com.reserva.citas.CitasApplication}', contextInitializerClasses = '[]', activeProfiles = '{test}', propertySourceLocations = '{}', propertySourceProperties = '{org.springframework.boot.test.context.SpringBootTestContextBootstrapper=true, server.port=0}', contextCustomizers = set[org.springframework.boot.test.autoconfigure.actuate.metrics.MetricsExportContextCustomizerFactory$DisableMetricExportContextCustomizer@6ef1a1b9, org.springframework.boot.test.autoconfigure.properties.PropertyMappingContextCustomizer@0, org.springframework.boot.test.autoconfigure.web.servlet.WebDriverContextCustomizerFactory$Customizer@67fc2aad, org.springframework.boot.test.context.filter.ExcludeFilterContextCustomizer@40712ee9, org.springframework.boot.test.json.DuplicateJsonObjectContextCustomizerFactory$DuplicateJsonObjectContextCustomizer@499ef98e, org.springframework.boot.test.mock.mockito.MockitoContextCustomizer@0, org.springframework.boot.test.web.client.TestRestTemplateContextCustomizer@7479b626, org.springframework.boot.test.context.SpringBootTestArgs@1, org.springframework.boot.test.context.SpringBootTestWebEnvironment@7d373bcf], resourceBasePath = 'src/main/webapp', contextLoader = 'org.springframework.boot.test.context.SpringBootContextLoader', parent = [null]], attributes = map['org.springframework.test.context.web.ServletTestExecutionListener.activateListener' -> false, 'org.springframework.test.context.event.ApplicationEventsTestExecutionListener.recordApplicationEvents' -> false]]; transaction manager [org.springframework.orm.jpa.JpaTransactionManager@1be219b8]; rollback [true]
2023-10-27 12:27:09.838  WARN 20124 --- [o-auto-1-exec-3] .w.s.m.s.DefaultHandlerExceptionResolver : Resolved [org.springframework.web.HttpRequestMethodNotSupportedException: Request method 'GET' not supported]
2023-10-27 12:27:09.861  INFO 20124 --- [    Test worker] o.s.t.c.transaction.TransactionContext   : Rolled back transaction for test: [DefaultTestContext@5281150f testClass = CitaControllerTest, testInstance = com.reserva.citas.integracion.CitaControllerTest@4e161f41, testMethod = Dado_un_id_Cuando_invoca_obtenercita_Entonces_retorna_una_cita@CitaControllerTest, testException = [null], mergedContextConfiguration = [WebMergedContextConfiguration@792ce5eb testClass = CitaControllerTest, locations = '{}', classes = '{class com.reserva.citas.CitasApplication}', contextInitializerClasses = '[]', activeProfiles = '{test}', propertySourceLocations = '{}', propertySourceProperties = '{org.springframework.boot.test.context.SpringBootTestContextBootstrapper=true, server.port=0}', contextCustomizers = set[org.springframework.boot.test.autoconfigure.actuate.metrics.MetricsExportContextCustomizerFactory$DisableMetricExportContextCustomizer@6ef1a1b9, org.springframework.boot.test.autoconfigure.properties.PropertyMappingContextCustomizer@0, org.springframework.boot.test.autoconfigure.web.servlet.WebDriverContextCustomizerFactory$Customizer@67fc2aad, org.springframework.boot.test.context.filter.ExcludeFilterContextCustomizer@40712ee9, org.springframework.boot.test.json.DuplicateJsonObjectContextCustomizerFactory$DuplicateJsonObjectContextCustomizer@499ef98e, org.springframework.boot.test.mock.mockito.MockitoContextCustomizer@0, org.springframework.boot.test.web.client.TestRestTemplateContextCustomizer@7479b626, org.springframework.boot.test.context.SpringBootTestArgs@1, org.springframework.boot.test.context.SpringBootTestWebEnvironment@7d373bcf], resourceBasePath = 'src/main/webapp', contextLoader = 'org.springframework.boot.test.context.SpringBootContextLoader', parent = [null]], attributes = map['org.springframework.test.context.web.ServletTestExecutionListener.activateListener' -> false, 'org.springframework.test.context.event.ApplicationEventsTestExecutionListener.recordApplicationEvents' -> false]]
]]></system-out>
  <system-err><![CDATA[]]></system-err>
</testsuite>
