<?xml version="1.0" encoding="UTF-8"?>
<testsuite name="com.reserva.citas.CitasApplicationTests" tests="1" skipped="0" failures="0" errors="0" timestamp="2023-10-27T22:39:57" hostname="DESKTOP-3B4LTQ2" time="0.343">
  <properties/>
  <testcase name="contextLoads()" classname="com.reserva.citas.CitasApplicationTests" time="0.343"/>
  <system-out><![CDATA[17:39:48.095 [Test worker] DEBUG org.springframework.test.context.BootstrapUtils - Instantiating CacheAwareContextLoaderDelegate from class [org.springframework.test.context.cache.DefaultCacheAwareContextLoaderDelegate]
17:39:48.131 [Test worker] DEBUG org.springframework.test.context.BootstrapUtils - Instantiating BootstrapContext using constructor [public org.springframework.test.context.support.DefaultBootstrapContext(java.lang.Class,org.springframework.test.context.CacheAwareContextLoaderDelegate)]
17:39:48.232 [Test worker] DEBUG org.springframework.test.context.BootstrapUtils - Instantiating TestContextBootstrapper for test class [com.reserva.citas.CitasApplicationTests] from class [org.springframework.boot.test.context.SpringBootTestContextBootstrapper]
17:39:48.265 [Test worker] INFO org.springframework.boot.test.context.SpringBootTestContextBootstrapper - Neither @ContextConfiguration nor @ContextHierarchy found for test class [com.reserva.citas.CitasApplicationTests], using SpringBootContextLoader
17:39:48.277 [Test worker] DEBUG org.springframework.test.context.support.AbstractContextLoader - Did not detect default resource location for test class [com.reserva.citas.CitasApplicationTests]: class path resource [com/reserva/citas/CitasApplicationTests-context.xml] does not exist
17:39:48.278 [Test worker] DEBUG org.springframework.test.context.support.AbstractContextLoader - Did not detect default resource location for test class [com.reserva.citas.CitasApplicationTests]: class path resource [com/reserva/citas/CitasApplicationTestsContext.groovy] does not exist
17:39:48.279 [Test worker] INFO org.springframework.test.context.support.AbstractContextLoader - Could not detect default resource locations for test class [com.reserva.citas.CitasApplicationTests]: no resource found for suffixes {-context.xml, Context.groovy}.
17:39:48.281 [Test worker] INFO org.springframework.test.context.support.AnnotationConfigContextLoaderUtils - Could not detect default configuration classes for test class [com.reserva.citas.CitasApplicationTests]: CitasApplicationTests does not declare any static, non-private, non-final, nested classes annotated with @Configuration.
17:39:48.569 [Test worker] DEBUG org.springframework.context.annotation.ClassPathScanningCandidateComponentProvider - Identified candidate component class: file [C:\Users\USUARIO\OneDrive - Universidad de la Sabana\Desktop\Software\Reservas\build\classes\java\main\com\reserva\citas\CitasApplication.class]
17:39:48.571 [Test worker] INFO org.springframework.boot.test.context.SpringBootTestContextBootstrapper - Found @SpringBootConfiguration com.reserva.citas.CitasApplication for test class com.reserva.citas.CitasApplicationTests
17:39:48.848 [Test worker] DEBUG org.springframework.boot.test.context.SpringBootTestContextBootstrapper - @TestExecutionListeners is not present for class [com.reserva.citas.CitasApplicationTests]: using defaults.
17:39:48.850 [Test worker] INFO org.springframework.boot.test.context.SpringBootTestContextBootstrapper - Loaded default TestExecutionListener class names from location [META-INF/spring.factories]: [org.springframework.boot.test.autoconfigure.restdocs.RestDocsTestExecutionListener, org.springframework.boot.test.autoconfigure.web.client.MockRestServiceServerResetTestExecutionListener, org.springframework.boot.test.autoconfigure.web.servlet.MockMvcPrintOnlyOnFailureTestExecutionListener, org.springframework.boot.test.autoconfigure.web.servlet.WebDriverTestExecutionListener, org.springframework.boot.test.autoconfigure.webservices.client.MockWebServiceServerTestExecutionListener, org.springframework.boot.test.mock.mockito.MockitoTestExecutionListener, org.springframework.boot.test.mock.mockito.ResetMocksTestExecutionListener, org.springframework.test.context.web.ServletTestExecutionListener, org.springframework.test.context.support.DirtiesContextBeforeModesTestExecutionListener, org.springframework.test.context.event.ApplicationEventsTestExecutionListener, org.springframework.test.context.support.DependencyInjectionTestExecutionListener, org.springframework.test.context.support.DirtiesContextTestExecutionListener, org.springframework.test.context.transaction.TransactionalTestExecutionListener, org.springframework.test.context.jdbc.SqlScriptsTestExecutionListener, org.springframework.test.context.event.EventPublishingTestExecutionListener]
17:39:48.902 [Test worker] INFO org.springframework.boot.test.context.SpringBootTestContextBootstrapper - Using TestExecutionListeners: [org.springframework.test.context.web.ServletTestExecutionListener@d4df0e, org.springframework.test.context.support.DirtiesContextBeforeModesTestExecutionListener@7ae0cc89, org.springframework.test.context.event.ApplicationEventsTestExecutionListener@de7e193, org.springframework.boot.test.mock.mockito.MockitoTestExecutionListener@13e5d243, org.springframework.boot.test.autoconfigure.SpringBootDependencyInjectionTestExecutionListener@35ef439e, org.springframework.test.context.support.DirtiesContextTestExecutionListener@4997552e, org.springframework.test.context.transaction.TransactionalTestExecutionListener@7bcecef6, org.springframework.test.context.jdbc.SqlScriptsTestExecutionListener@46046c06, org.springframework.test.context.event.EventPublishingTestExecutionListener@93824eb, org.springframework.boot.test.autoconfigure.restdocs.RestDocsTestExecutionListener@7af52ec7, org.springframework.boot.test.autoconfigure.web.client.MockRestServiceServerResetTestExecutionListener@77c1e611, org.springframework.boot.test.autoconfigure.web.servlet.MockMvcPrintOnlyOnFailureTestExecutionListener@12c0c0b3, org.springframework.boot.test.autoconfigure.web.servlet.WebDriverTestExecutionListener@5a97b17c, org.springframework.boot.test.autoconfigure.webservices.client.MockWebServiceServerTestExecutionListener@9c73fff, org.springframework.boot.test.mock.mockito.ResetMocksTestExecutionListener@71cea1b8]
17:39:48.911 [Test worker] DEBUG org.springframework.test.context.support.AbstractDirtiesContextTestExecutionListener - Before test class: context [DefaultTestContext@3e05586b testClass = CitasApplicationTests, testInstance = [null], testMethod = [null], testException = [null], mergedContextConfiguration = [WebMergedContextConfiguration@35b17c06 testClass = CitasApplicationTests, locations = '{}', classes = '{class com.reserva.citas.CitasApplication}', contextInitializerClasses = '[]', activeProfiles = '{test}', propertySourceLocations = '{}', propertySourceProperties = '{org.springframework.boot.test.context.SpringBootTestContextBootstrapper=true}', contextCustomizers = set[org.springframework.boot.test.autoconfigure.actuate.metrics.MetricsExportContextCustomizerFactory$DisableMetricExportContextCustomizer@6014a9ba, org.springframework.boot.test.autoconfigure.properties.PropertyMappingContextCustomizer@0, org.springframework.boot.test.autoconfigure.web.servlet.WebDriverContextCustomizerFactory$Customizer@3f9f71ff, org.springframework.boot.test.context.filter.ExcludeFilterContextCustomizer@58496c97, org.springframework.boot.test.json.DuplicateJsonObjectContextCustomizerFactory$DuplicateJsonObjectContextCustomizer@3e3861d7, org.springframework.boot.test.mock.mockito.MockitoContextCustomizer@0, org.springframework.boot.test.web.client.TestRestTemplateContextCustomizer@25cd49a4, org.springframework.boot.test.context.SpringBootTestArgs@1, org.springframework.boot.test.context.SpringBootTestWebEnvironment@9f46d94], resourceBasePath = 'src/main/webapp', contextLoader = 'org.springframework.boot.test.context.SpringBootContextLoader', parent = [null]], attributes = map['org.springframework.test.context.web.ServletTestExecutionListener.activateListener' -> true]], class annotated with @DirtiesContext [false] with mode [null].

  .   ____          _            __ _ _
 /\\ / ___'_ __ _ _(_)_ __  __ _ \ \ \ \
( ( )\___ | '_ | '_| | '_ \/ _` | \ \ \ \
 \\/  ___)| |_)| | | | | || (_| |  ) ) ) )
  '  |____| .__|_| |_|_| |_\__, | / / / /
 =========|_|==============|___/=/_/_/_/
 :: Spring Boot ::               (v2.7.15)

2023-10-27 17:39:49.573  INFO 12720 --- [    Test worker] com.reserva.citas.CitasApplicationTests  : Starting CitasApplicationTests using Java 19.0.1 on DESKTOP-3B4LTQ2 with PID 12720 (started by USUARIO in C:\Users\USUARIO\OneDrive - Universidad de la Sabana\Desktop\Software\Reservas)
2023-10-27 17:39:49.575  INFO 12720 --- [    Test worker] com.reserva.citas.CitasApplicationTests  : The following 1 profile is active: "test"
2023-10-27 17:39:50.736  INFO 12720 --- [    Test worker] .s.d.r.c.RepositoryConfigurationDelegate : Bootstrapping Spring Data JPA repositories in DEFAULT mode.
2023-10-27 17:39:50.861  INFO 12720 --- [    Test worker] .s.d.r.c.RepositoryConfigurationDelegate : Finished Spring Data repository scanning in 104 ms. Found 3 JPA repository interfaces.
2023-10-27 17:39:51.930  INFO 12720 --- [    Test worker] o.hibernate.jpa.internal.util.LogHelper  : HHH000204: Processing PersistenceUnitInfo [name: default]
2023-10-27 17:39:52.084  INFO 12720 --- [    Test worker] org.hibernate.Version                    : HHH000412: Hibernate ORM core version 5.6.15.Final
2023-10-27 17:39:52.568  INFO 12720 --- [    Test worker] o.hibernate.annotations.common.Version   : HCANN000001: Hibernate Commons Annotations {5.1.2.Final}
2023-10-27 17:39:52.839  INFO 12720 --- [    Test worker] com.zaxxer.hikari.HikariDataSource       : HikariPool-1 - Starting...
2023-10-27 17:39:53.600  INFO 12720 --- [    Test worker] com.zaxxer.hikari.HikariDataSource       : HikariPool-1 - Start completed.
2023-10-27 17:39:53.642  INFO 12720 --- [    Test worker] org.hibernate.dialect.Dialect            : HHH000400: Using dialect: org.hibernate.dialect.H2Dialect
2023-10-27 17:39:54.827  INFO 12720 --- [    Test worker] o.h.e.t.j.p.i.JtaPlatformInitiator       : HHH000490: Using JtaPlatform implementation: [org.hibernate.engine.transaction.jta.platform.internal.NoJtaPlatform]
2023-10-27 17:39:54.845  INFO 12720 --- [    Test worker] j.LocalContainerEntityManagerFactoryBean : Initialized JPA EntityManagerFactory for persistence unit 'default'
2023-10-27 17:39:55.778  WARN 12720 --- [    Test worker] JpaBaseConfiguration$JpaWebConfiguration : spring.jpa.open-in-view is enabled by default. Therefore, database queries may be performed during view rendering. Explicitly configure spring.jpa.open-in-view to disable this warning
2023-10-27 17:39:57.059  INFO 12720 --- [    Test worker] com.reserva.citas.CitasApplicationTests  : Started CitasApplicationTests in 8.047 seconds (JVM running for 11.057)
]]></system-out>
  <system-err><![CDATA[]]></system-err>
</testsuite>
